01:02:40.458 [http-nio-4000-exec-10] INFO  c.e.j.s.controller.UserController - =====查询第0页的日记信息=====
01:02:40.458 [http-nio-4000-exec-8] INFO  c.e.j.s.controller.UserController - =====查询2用户是否有新通知=====
01:03:18.111 [http-nio-4000-exec-1] INFO  c.e.j.s.controller.UserController - =====查询2用户是否有新通知=====
01:03:18.122 [http-nio-4000-exec-2] INFO  c.e.j.s.controller.UserController - =====查询第0页的日记信息=====
01:09:05.695 [http-nio-4000-exec-4] INFO  c.e.j.s.controller.UserController - =====查询2用户是否有新通知=====
01:09:05.698 [http-nio-4000-exec-3] INFO  c.e.j.s.controller.UserController - =====查询第0页的日记信息=====
01:10:56.366 [http-nio-4000-exec-5] INFO  c.e.j.s.controller.UserController - =====查询2用户是否有新通知=====
01:10:56.374 [http-nio-4000-exec-6] INFO  c.e.j.s.controller.UserController - =====查询第0页的日记信息=====
01:11:52.830 [http-nio-4000-exec-7] INFO  c.e.j.s.controller.UserController - =====查询2用户是否有新通知=====
01:11:54.389 [http-nio-4000-exec-9] INFO  c.e.j.s.controller.UserController - =====查询2用户是否有新通知=====
01:11:56.780 [http-nio-4000-exec-8] INFO  c.e.j.s.controller.UserController - =====查询第0页的日记信息=====
01:40:59.266 [http-nio-4000-exec-1] INFO  c.e.j.s.controller.UserController - =====查询2用户是否有新通知=====
01:41:01.791 [http-nio-4000-exec-2] INFO  c.e.j.s.controller.UserController - =====查询2用户是否有新通知=====
01:41:02.718 [http-nio-4000-exec-4] INFO  c.e.j.s.controller.UserController - =====查询2用户是否有新通知=====
01:41:02.722 [http-nio-4000-exec-3] INFO  c.e.j.s.controller.UserController - =====查询第0页的日记信息=====
01:41:29.519 [http-nio-4000-exec-5] INFO  c.e.j.s.controller.UserController - =====查询2用户是否有新通知=====
01:41:29.527 [http-nio-4000-exec-6] INFO  c.e.j.s.controller.UserController - =====查询第0页的日记信息=====
01:42:17.273 [http-nio-4000-exec-7] INFO  c.e.j.s.controller.UserController - =====查询2用户是否有新通知=====
01:42:17.288 [http-nio-4000-exec-9] INFO  c.e.j.s.controller.UserController - =====查询第0页的日记信息=====
01:42:18.353 [http-nio-4000-exec-8] INFO  c.e.j.s.controller.UserController - =====查询2用户是否有新通知=====
01:42:18.362 [http-nio-4000-exec-10] INFO  c.e.j.s.controller.UserController - =====查询第0页的日记信息=====
01:42:51.119 [http-nio-4000-exec-1] INFO  c.e.j.s.controller.UserController - =====查询2用户是否有新通知=====
01:43:01.327 [http-nio-4000-exec-2] INFO  c.e.j.s.controller.UserController - =====查询2用户是否有新通知=====
01:43:01.338 [http-nio-4000-exec-4] INFO  c.e.j.s.controller.UserController - =====查询第0页的日记信息=====
01:43:02.714 [http-nio-4000-exec-3] INFO  c.e.j.s.controller.UserController - =====查询2用户是否有新通知=====
01:54:20.886 [main] INFO  cn.edu.jxnu.server.ServerApplication - Starting ServerApplication using Java 1.8.0_241 on hanhan with PID 10144 (E:\ProjectJava\CloudDrawing\server\target\classes started by Asus in E:\ProjectJava\CloudDrawing\server)
01:54:20.890 [main] INFO  cn.edu.jxnu.server.ServerApplication - The following 1 profile is active: "dev"
01:54:22.232 [main] INFO  o.s.b.w.e.tomcat.TomcatWebServer - Tomcat initialized with port(s): 4000 (http)
01:54:22.239 [main] INFO  o.a.coyote.http11.Http11NioProtocol - Initializing ProtocolHandler ["http-nio-4000"]
01:54:22.240 [main] INFO  o.a.catalina.core.StandardService - Starting service [Tomcat]
01:54:22.240 [main] INFO  o.a.catalina.core.StandardEngine - Starting Servlet engine: [Apache Tomcat/9.0.60]
01:54:22.418 [main] INFO  o.a.c.c.C.[Tomcat].[localhost].[/] - Initializing Spring embedded WebApplicationContext
01:54:22.418 [main] INFO  o.s.b.w.s.c.ServletWebServerApplicationContext - Root WebApplicationContext: initialization completed in 1475 ms
01:54:23.086 [main] WARN  o.s.b.a.t.ThymeleafAutoConfiguration$DefaultTemplateResolverConfiguration - Cannot find template location: classpath:/templates/ (please add some templates or check your Thymeleaf configuration)
01:54:23.165 [main] INFO  o.a.coyote.http11.Http11NioProtocol - Starting ProtocolHandler ["http-nio-4000"]
01:54:23.180 [main] INFO  o.s.b.w.e.tomcat.TomcatWebServer - Tomcat started on port(s): 4000 (http) with context path ''
01:54:23.401 [main] INFO  cn.edu.jxnu.server.ServerApplication - Started ServerApplication in 3.053 seconds (JVM running for 4.378)
01:54:35.113 [http-nio-4000-exec-1] INFO  o.a.c.c.C.[Tomcat].[localhost].[/] - Initializing Spring DispatcherServlet 'dispatcherServlet'
01:54:35.114 [http-nio-4000-exec-1] INFO  o.s.web.servlet.DispatcherServlet - Initializing Servlet 'dispatcherServlet'
01:54:35.115 [http-nio-4000-exec-1] INFO  o.s.web.servlet.DispatcherServlet - Completed initialization in 1 ms
01:54:35.144 [http-nio-4000-exec-1] INFO  c.e.j.s.controller.UserController - =====查询2用户是否有新通知=====
01:54:35.158 [http-nio-4000-exec-1] INFO  com.zaxxer.hikari.HikariDataSource - hanhan - Starting...
01:54:36.280 [http-nio-4000-exec-1] INFO  com.zaxxer.hikari.HikariDataSource - hanhan - Start completed.
01:54:38.079 [http-nio-4000-exec-2] INFO  c.e.j.s.controller.UserController - =====查询2用户是否有新通知=====
01:54:38.093 [http-nio-4000-exec-3] INFO  c.e.j.s.controller.UserController - =====查询第0页的日记信息=====
01:54:43.137 [http-nio-4000-exec-4] INFO  c.e.j.s.controller.UserController - =====查询2用户的通知信息=====
